2023-04-28 09:22:47.178  INFO 3316 --- [main] kr.co.voard.VoardApplicationTests        : Starting VoardApplicationTests using Java 17.0.5 on DESKTOP-1FFOQKL with PID 3316 (started by java1 in C:\Users\java1\Desktop\Workspace\Spring\Voard)
2023-04-28 09:22:47.186  INFO 3316 --- [main] kr.co.voard.VoardApplicationTests        : No active profile set, falling back to 1 default profile: "default"
2023-04-28 09:22:47.724  INFO 3316 --- [main] .s.d.r.c.RepositoryConfigurationDelegate : Bootstrapping Spring Data JPA repositories in DEFAULT mode.
2023-04-28 09:22:47.780  INFO 3316 --- [main] .s.d.r.c.RepositoryConfigurationDelegate : Finished Spring Data repository scanning in 46 ms. Found 1 JPA repository interfaces.
2023-04-28 09:22:48.350  INFO 3316 --- [main] o.hibernate.jpa.internal.util.LogHelper  : HHH000204: Processing PersistenceUnitInfo [name: default]
2023-04-28 09:22:48.409  INFO 3316 --- [main] org.hibernate.Version                    : HHH000412: Hibernate ORM core version 5.6.15.Final
2023-04-28 09:22:48.548  INFO 3316 --- [main] o.hibernate.annotations.common.Version   : HCANN000001: Hibernate Commons Annotations {5.1.2.Final}
2023-04-28 09:22:48.696  INFO 3316 --- [main] com.zaxxer.hikari.HikariDataSource       : HikariPool-1 - Starting...
2023-04-28 09:22:48.973  INFO 3316 --- [main] com.zaxxer.hikari.HikariDataSource       : HikariPool-1 - Start completed.
2023-04-28 09:22:49.008  INFO 3316 --- [main] org.hibernate.dialect.Dialect            : HHH000400: Using dialect: org.hibernate.dialect.MySQL55Dialect
2023-04-28 09:22:49.525  INFO 3316 --- [main] o.h.e.t.j.p.i.JtaPlatformInitiator       : HHH000490: Using JtaPlatform implementation: [org.hibernate.engine.transaction.jta.platform.internal.NoJtaPlatform]
2023-04-28 09:22:49.532  INFO 3316 --- [main] j.LocalContainerEntityManagerFactoryBean : Initialized JPA EntityManagerFactory for persistence unit 'default'
2023-04-28 09:22:50.177  INFO 3316 --- [main] o.s.s.web.DefaultSecurityFilterChain     : Will secure any request with [org.springframework.security.web.session.DisableEncodeUrlFilter@57ed8f95, org.springframework.security.web.context.request.async.WebAsyncManagerIntegrationFilter@1c25deb0, org.springframework.security.web.context.SecurityContextPersistenceFilter@62c42a3, org.springframework.security.web.header.HeaderWriterFilter@3293030b, org.springframework.security.web.authentication.logout.LogoutFilter@4e210016, kr.co.voard.jwt.JwtAuthenticationFilter@30d5fc1b, org.springframework.security.web.savedrequest.RequestCacheAwareFilter@288b8663, org.springframework.security.web.servletapi.SecurityContextHolderAwareRequestFilter@3055f310, org.springframework.security.web.authentication.AnonymousAuthenticationFilter@1be12e05, org.springframework.security.web.session.SessionManagementFilter@641cea11, org.springframework.security.web.access.ExceptionTranslationFilter@7901a5ab]
2023-04-28 09:22:50.336  WARN 3316 --- [main] JpaBaseConfiguration$JpaWebConfiguration : spring.jpa.open-in-view is enabled by default. Therefore, database queries may be performed during view rendering. Explicitly configure spring.jpa.open-in-view to disable this warning
2023-04-28 09:22:50.573  INFO 3316 --- [main] o.s.b.a.w.s.WelcomePageHandlerMapping    : Adding welcome page: class path resource [static/index.html]
2023-04-28 09:22:50.963  INFO 3316 --- [main] kr.co.voard.VoardApplicationTests        : Started VoardApplicationTests in 4.038 seconds (JVM running for 4.768)
2023-04-28 09:22:51.172  INFO 3316 --- [SpringApplicationShutdownHook] j.LocalContainerEntityManagerFactoryBean : Closing JPA EntityManagerFactory for persistence unit 'default'
2023-04-28 09:22:51.175  INFO 3316 --- [SpringApplicationShutdownHook] com.zaxxer.hikari.HikariDataSource       : HikariPool-1 - Shutdown initiated...
2023-04-28 09:22:51.184  INFO 3316 --- [SpringApplicationShutdownHook] com.zaxxer.hikari.HikariDataSource       : HikariPool-1 - Shutdown completed.
2023-04-28 09:27:08.977  INFO 12772 --- [main] kr.co.voard.VoardApplicationTests        : Starting VoardApplicationTests using Java 17.0.5 on DESKTOP-1FFOQKL with PID 12772 (started by java1 in C:\Users\java1\Desktop\Workspace\Spring\Voard)
2023-04-28 09:27:08.978  INFO 12772 --- [main] kr.co.voard.VoardApplicationTests        : No active profile set, falling back to 1 default profile: "default"
2023-04-28 09:27:09.475  INFO 12772 --- [main] .s.d.r.c.RepositoryConfigurationDelegate : Bootstrapping Spring Data JPA repositories in DEFAULT mode.
2023-04-28 09:27:09.526  INFO 12772 --- [main] .s.d.r.c.RepositoryConfigurationDelegate : Finished Spring Data repository scanning in 41 ms. Found 1 JPA repository interfaces.
2023-04-28 09:27:10.076  INFO 12772 --- [main] o.hibernate.jpa.internal.util.LogHelper  : HHH000204: Processing PersistenceUnitInfo [name: default]
2023-04-28 09:27:10.119  INFO 12772 --- [main] org.hibernate.Version                    : HHH000412: Hibernate ORM core version 5.6.15.Final
2023-04-28 09:27:10.253  INFO 12772 --- [main] o.hibernate.annotations.common.Version   : HCANN000001: Hibernate Commons Annotations {5.1.2.Final}
2023-04-28 09:27:10.362  INFO 12772 --- [main] com.zaxxer.hikari.HikariDataSource       : HikariPool-1 - Starting...
2023-04-28 09:27:10.609  INFO 12772 --- [main] com.zaxxer.hikari.HikariDataSource       : HikariPool-1 - Start completed.
2023-04-28 09:27:10.657  INFO 12772 --- [main] org.hibernate.dialect.Dialect            : HHH000400: Using dialect: org.hibernate.dialect.MySQL55Dialect
2023-04-28 09:27:11.121  INFO 12772 --- [main] o.h.e.t.j.p.i.JtaPlatformInitiator       : HHH000490: Using JtaPlatform implementation: [org.hibernate.engine.transaction.jta.platform.internal.NoJtaPlatform]
2023-04-28 09:27:11.130  INFO 12772 --- [main] j.LocalContainerEntityManagerFactoryBean : Initialized JPA EntityManagerFactory for persistence unit 'default'
2023-04-28 09:27:11.799  INFO 12772 --- [main] o.s.s.web.DefaultSecurityFilterChain     : Will secure any request with [org.springframework.security.web.session.DisableEncodeUrlFilter@16732340, org.springframework.security.web.context.request.async.WebAsyncManagerIntegrationFilter@38e052b2, org.springframework.security.web.context.SecurityContextPersistenceFilter@7901a5ab, org.springframework.security.web.header.HeaderWriterFilter@35451ba6, org.springframework.security.web.authentication.logout.LogoutFilter@7d7c05fa, kr.co.voard.jwt.JwtAuthenticationFilter@147ad4bb, org.springframework.security.web.savedrequest.RequestCacheAwareFilter@4a7c72af, org.springframework.security.web.servletapi.SecurityContextHolderAwareRequestFilter@1b53e6fc, org.springframework.security.web.authentication.AnonymousAuthenticationFilter@7fa68ff4, org.springframework.security.web.session.SessionManagementFilter@37f627d0, org.springframework.security.web.access.ExceptionTranslationFilter@74e175c7]
2023-04-28 09:27:11.963  WARN 12772 --- [main] JpaBaseConfiguration$JpaWebConfiguration : spring.jpa.open-in-view is enabled by default. Therefore, database queries may be performed during view rendering. Explicitly configure spring.jpa.open-in-view to disable this warning
2023-04-28 09:27:12.213  INFO 12772 --- [main] o.s.b.a.w.s.WelcomePageHandlerMapping    : Adding welcome page: class path resource [static/index.html]
2023-04-28 09:27:12.522  INFO 12772 --- [main] kr.co.voard.VoardApplicationTests        : Started VoardApplicationTests in 3.791 seconds (JVM running for 4.487)
2023-04-28 09:27:12.734  INFO 12772 --- [SpringApplicationShutdownHook] j.LocalContainerEntityManagerFactoryBean : Closing JPA EntityManagerFactory for persistence unit 'default'
2023-04-28 09:27:12.737  INFO 12772 --- [SpringApplicationShutdownHook] com.zaxxer.hikari.HikariDataSource       : HikariPool-1 - Shutdown initiated...
2023-04-28 09:27:12.755  INFO 12772 --- [SpringApplicationShutdownHook] com.zaxxer.hikari.HikariDataSource       : HikariPool-1 - Shutdown completed.
